2025-03-28 15:10:06.841601 - Received CBT.V508.FILE047.PDS from FILE047.XMI 
2025-03-28 15:10:06.842520 - Found $$$#DATE.txt (text/plain) in CBT.V508.FILE047.PDS, moved to PDS/$$$#DATE
2025-03-28 15:10:06.843231 - Found $DOC.txt (text/plain) in CBT.V508.FILE047.PDS, moved to PDS/$DOC
2025-03-28 15:10:06.843878 - Found @FILE047.txt (text/plain) in CBT.V508.FILE047.PDS, moved to PDS/@FILE047
2025-03-28 15:10:06.844841 - Found ASM.txt (text/plain) in CBT.V508.FILE047.PDS, moved to PDS/ASM
2025-03-28 15:10:06.845810 - Found CLISTS.txt (text/plain) in CBT.V508.FILE047.PDS, moved to PDS/CLISTS
2025-03-28 15:10:06.848274 - Found CMD1.txt (text/plain) in CBT.V508.FILE047.PDS, moved to PDS/CMD1
2025-03-28 15:10:06.850928 - Found EDX.bin (application/octet-stream) in CBT.V508.FILE047.PDS, moved to PDS/EDX
2025-03-28 15:10:06.853298 - Found EXITS.txt (text/plain) in CBT.V508.FILE047.PDS, moved to PDS/EXITS
2025-03-28 15:10:06.853979 - Found JCLFLOW.txt (text/plain) in CBT.V508.FILE047.PDS, moved to PDS/JCLFLOW
2025-03-28 15:10:06.855023 - Found LISTICAT.bin (application/octet-stream) in CBT.V508.FILE047.PDS, moved to PDS/LISTICAT
2025-03-28 15:10:06.855484 - Found MSGS.txt (text/plain) in CBT.V508.FILE047.PDS, moved to PDS/MSGS
2025-03-28 15:10:06.856442 - Found NOCELL.txt (text/plain) in CBT.V508.FILE047.PDS, moved to PDS/NOCELL
2025-03-28 15:10:06.857277 - Found PANELS.txt (text/plain) in CBT.V508.FILE047.PDS, moved to PDS/PANELS
2025-03-28 15:10:06.858032 - Found RMFIII.txt (text/plain) in CBT.V508.FILE047.PDS, moved to PDS/RMFIII
2025-03-28 15:10:06.858696 - Found SAS.txt (text/plain) in CBT.V508.FILE047.PDS, moved to PDS/SAS
2025-03-28 15:10:06.859385 - Found SASOLDER.txt (text/plain) in CBT.V508.FILE047.PDS, moved to PDS/SASOLDER
2025-03-28 15:10:06.860097 - Found SKELS.txt (text/plain) in CBT.V508.FILE047.PDS, moved to PDS/SKELS
2025-03-28 15:10:06.860813 - Found SMPELIST.txt (text/plain) in CBT.V508.FILE047.PDS, moved to PDS/SMPELIST
2025-03-28 15:10:06.861685 - Found TABLES.bin (application/octet-stream) in CBT.V508.FILE047.PDS, moved to PDS/TABLES
